<?xml version="1.0" encoding="UTF-8"?>
<testng-results ignored="0" total="1" passed="1" failed="0" skipped="0">
  <reporter-output>
  </reporter-output>
  <suite started-at="2022-12-21T18:04:19 IST" name="Default suite" finished-at="2022-12-21T18:04:31 IST" duration-ms="12708">
    <groups>
    </groups>
    <test started-at="2022-12-21T18:04:19 IST" name="Default test" finished-at="2022-12-21T18:04:31 IST" duration-ms="12708">
      <class name="com.BrowserSetup.GoogleTestNg">
        <test-method signature="browserLaunch()[pri:0, instance:com.BrowserSetup.GoogleTestNg@201a4587]" started-at="2022-12-21T18:04:19 IST" name="browserLaunch" finished-at="2022-12-21T18:04:31 IST" duration-ms="12638" status="PASS">
          <reporter-output>
          </reporter-output>
        </test-method> <!-- browserLaunch -->
      </class> <!-- com.BrowserSetup.GoogleTestNg -->
    </test> <!-- Default test -->
  </suite> <!-- Default suite -->
</testng-results>
