<?xml version="1.0" encoding="UTF-8"?>
<testng-results ignored="0" total="1" passed="1" failed="0" skipped="0">
  <reporter-output>
  </reporter-output>
  <suite started-at="2022-12-22T18:32:49 IST" name="Default suite" finished-at="2022-12-22T18:32:56 IST" duration-ms="6531">
    <groups>
    </groups>
    <test started-at="2022-12-22T18:32:49 IST" name="Default test" finished-at="2022-12-22T18:32:56 IST" duration-ms="6531">
      <class name="com.BrowserSetup.GoogleTestNg">
        <test-method signature="browserLaunch()[pri:0, instance:com.BrowserSetup.GoogleTestNg@4310d43]" started-at="2022-12-22T18:32:50 IST" name="browserLaunch" finished-at="2022-12-22T18:32:56 IST" duration-ms="6470" status="PASS">
          <reporter-output>
          </reporter-output>
        </test-method> <!-- browserLaunch -->
      </class> <!-- com.BrowserSetup.GoogleTestNg -->
    </test> <!-- Default test -->
  </suite> <!-- Default suite -->
</testng-results>
